<?xml version="1.0" encoding="UTF-8"?>
<!-- Generated by org.testng.reporters.JUnitXMLReporter -->
<testsuite ignored="2" hostname="ASDLAPKCH0239" failures="0" tests="1" name="Test" time="13.911" errors="0" timestamp="2024-08-21T17:24:01 IST">
  <testcase classname="com.assigments.LambdaTestAutomation" name="tc_TestScenario003" time="2.905"/>
  <testcase classname="com.assigments.LambdaTestAutomation" name="tc_TestScenario001" time="0.0">
    <ignored/>
  </testcase> <!-- tc_TestScenario001 -->
  <testcase classname="com.assigments.LambdaTestAutomation" name="tc_TestScenario002" time="0.0">
    <ignored/>
  </testcase> <!-- tc_TestScenario002 -->
</testsuite> <!-- Test -->
