<?xml version="1.0" encoding="UTF-8"?>
<!-- Generated by org.testng.reporters.JUnitXMLReporter -->
<testsuite ignored="0" hostname="ASDLAPKCH0239" failures="0" tests="3" name="Test" time="55.285" errors="0" timestamp="2024-08-21T18:40:30 IST">
  <testcase classname="com.assigments.tests.LambdaTestAutomation" name="tc_TestScenario001" time="2.42"/>
  <testcase classname="com.assigments.tests.LambdaTestAutomation" name="tc_TestScenario002" time="1.865"/>
  <testcase classname="com.assigments.tests.LambdaTestAutomation" name="tc_TestScenario003" time="3.205"/>
</testsuite> <!-- Test -->
