<?xml version="1.0" encoding="UTF-8"?>
<testng-results ignored="2" total="3" passed="1" failed="0" skipped="0">
  <reporter-output>
  </reporter-output>
  <suite started-at="2024-08-21T17:23:47 IST" name="Suite" finished-at="2024-08-21T17:24:01 IST" duration-ms="13911">
    <groups>
    </groups>
    <test started-at="2024-08-21T17:23:47 IST" name="Test" finished-at="2024-08-21T17:24:01 IST" duration-ms="13911">
      <class name="com.assigments.LambdaTestAutomation">
        <test-method is-config="true" signature="setUp()[pri:0, instance:com.assigments.LambdaTestAutomation@3514a4c0]" started-at="2024-08-21T17:23:47 IST" name="setUp" finished-at="2024-08-21T17:23:58 IST" duration-ms="10974" status="PASS">
          <reporter-output>
          </reporter-output>
        </test-method> <!-- setUp -->
        <test-method signature="tc_TestScenario003()[pri:0, instance:com.assigments.LambdaTestAutomation@3514a4c0]" started-at="2024-08-21T17:23:58 IST" name="tc_TestScenario003" finished-at="2024-08-21T17:24:01 IST" duration-ms="2905" status="PASS">
          <reporter-output>
          </reporter-output>
        </test-method> <!-- tc_TestScenario003 -->
        <test-method is-config="true" signature="tearDown()[pri:0, instance:com.assigments.LambdaTestAutomation@3514a4c0]" started-at="2024-08-21T17:24:01 IST" name="tearDown" finished-at="2024-08-21T17:24:01 IST" duration-ms="3" status="PASS">
          <reporter-output>
          </reporter-output>
        </test-method> <!-- tearDown -->
      </class> <!-- com.assigments.LambdaTestAutomation -->
    </test> <!-- Test -->
  </suite> <!-- Suite -->
</testng-results>
